This file contains any messages produced by compilers while
running configure, to aid debugging if configure makes a mistake.

It was created by Cuba configure 3.0, which was
generated by GNU Autoconf 2.68.  Invocation command line was

  $ ./configure 

## --------- ##
## Platform. ##
## --------- ##

hostname = lxplus0107.cern.ch
uname -m = x86_64
uname -r = 2.6.32-573.22.1.el6.x86_64
uname -s = Linux
uname -v = #1 SMP Wed Mar 23 17:13:03 CET 2016

/usr/bin/uname -p = unknown
/bin/uname -X     = unknown

/bin/arch              = x86_64
/usr/bin/arch -k       = unknown
/usr/convex/getsysinfo = unknown
/usr/bin/hostinfo      = unknown
/bin/machine           = unknown
/usr/bin/oslevel       = unknown
/bin/universe          = unknown

PATH: /afs/cern.ch/work/h/heli/private/cms/2tev/XZZ2l2nu_76x/CMSSW_7_6_3_patch2/bin/slc6_amd64_gcc493
PATH: /afs/cern.ch/work/h/heli/private/cms/2tev/XZZ2l2nu_76x/CMSSW_7_6_3_patch2/external/slc6_amd64_gcc493/bin
PATH: /cvmfs/cms.cern.ch/slc6_amd64_gcc493/cms/cmssw-patch/CMSSW_7_6_3_patch2/bin/slc6_amd64_gcc493
PATH: /cvmfs/cms.cern.ch/slc6_amd64_gcc493/cms/cmssw-patch/CMSSW_7_6_3_patch2/external/slc6_amd64_gcc493/bin
PATH: /cvmfs/cms.cern.ch/slc6_amd64_gcc493/cms/cmssw/CMSSW_7_6_3/bin/slc6_amd64_gcc493
PATH: /cvmfs/cms.cern.ch/slc6_amd64_gcc493/external/llvm/3.6-kpegke2/bin
PATH: /cvmfs/cms.cern.ch/slc6_amd64_gcc493/external/gcc/4.9.3/bin
PATH: /afs/cern.ch/group/zh/bin
PATH: /afs/cern.ch/user/h/heli/scripts
PATH: /afs/cern.ch/cms/caf/scripts
PATH: /cvmfs/cms.cern.ch/common
PATH: /cvmfs/cms.cern.ch/bin
PATH: /usr/sue/bin
PATH: /usr/lib64/qt-3.3/bin
PATH: /usr/kerberos/sbin
PATH: /usr/kerberos/bin
PATH: /usr/local/bin
PATH: /bin
PATH: /usr/bin
PATH: /usr/local/sbin
PATH: /usr/sbin
PATH: /sbin
PATH: /afs/cern.ch/user/h/heli/bin


## ----------- ##
## Core tests. ##
## ----------- ##

configure:1946: checking for gcc
configure:1962: found /cvmfs/cms.cern.ch/slc6_amd64_gcc493/external/gcc/4.9.3/bin/gcc
configure:1973: result: gcc
configure:2202: checking for C compiler version
configure:2211: gcc --version >&5
gcc (GCC) 4.9.3
Copyright (C) 2015 Free Software Foundation, Inc.
This is free software; see the source for copying conditions.  There is NO
warranty; not even for MERCHANTABILITY or FITNESS FOR A PARTICULAR PURPOSE.

configure:2222: $? = 0
configure:2211: gcc -v >&5
Using built-in specs.
COLLECT_GCC=gcc
COLLECT_LTO_WRAPPER=/cvmfs/cms.cern.ch/slc6_amd64_gcc493/external/gcc/4.9.3/bin/../libexec/gcc/x86_64-redhat-linux-gnu/4.9.3/lto-wrapper
Target: x86_64-redhat-linux-gnu
Configured with: ../configure --prefix=/build/degano/bootstrp_493/b/tmp/BUILDROOT/197df663da780c6ffc0133b16d54943b/opt/cmssw/slc6_amd64_gcc493/external/gcc/4.9.3 --disable-multilib --disable-nls --with-system-zlib --disable-dssi --enable-languages=c,c++,fortran --enable-__cxa_atexit --disable-libunwind-exceptions --enable-gnu-unique-object --enable-plugin --with-linker-hash-style=gnu --enable-linker-build-id --enable-gold=yes --enable-ld=default --enable-lto --with-gmp=/build/degano/bootstrp_493/b/tmp/BUILDROOT/197df663da780c6ffc0133b16d54943b/opt/cmssw/slc6_amd64_gcc493/external/gcc/4.9.3 --with-mpfr=/build/degano/bootstrp_493/b/tmp/BUILDROOT/197df663da780c6ffc0133b16d54943b/opt/cmssw/slc6_amd64_gcc493/external/gcc/4.9.3 --with-mpc=/build/degano/bootstrp_493/b/tmp/BUILDROOT/197df663da780c6ffc0133b16d54943b/opt/cmssw/slc6_amd64_gcc493/external/gcc/4.9.3 --with-isl=/build/degano/bootstrp_493/b/tmp/BUILDROOT/197df663da780c6ffc0133b16d54943b/opt/cmssw/slc6_amd64_gcc493/external/gcc/4.9.3 --with-cloog=/build/degano/bootstrp_493/b/tmp/BUILDROOT/197df663da780c6ffc0133b16d54943b/opt/cmssw/slc6_amd64_gcc493/external/gcc/4.9.3 --enable-checking=release --build=x86_64-redhat-linux-gnu --host=x86_64-redhat-linux-gnu --enable-libstdcxx-time=rt --enable-shared CC='gcc -fPIC' CXX='c++ -fPIC' CPP=cpp CXXCPP='c++ -E' CFLAGS=-I/build/degano/bootstrp_493/b/tmp/BUILDROOT/197df663da780c6ffc0133b16d54943b/opt/cmssw/slc6_amd64_gcc493/external/gcc/4.9.3/tmp/sw/include CXXFLAGS=-I/build/degano/bootstrp_493/b/tmp/BUILDROOT/197df663da780c6ffc0133b16d54943b/opt/cmssw/slc6_amd64_gcc493/external/gcc/4.9.3/tmp/sw/include LDFLAGS=-L/build/degano/bootstrp_493/b/tmp/BUILDROOT/197df663da780c6ffc0133b16d54943b/opt/cmssw/slc6_amd64_gcc493/external/gcc/4.9.3/tmp/sw/lib
Thread model: posix
gcc version 4.9.3 (GCC) 
configure:2222: $? = 0
configure:2211: gcc -V >&5
gcc: error: unrecognized command line option '-V'
gcc: fatal error: no input files
compilation terminated.
configure:2222: $? = 1
configure:2211: gcc -qversion >&5
gcc: error: unrecognized command line option '-qversion'
gcc: fatal error: no input files
compilation terminated.
configure:2222: $? = 1
configure:2242: checking whether the C compiler works
configure:2264: gcc    conftest.c -lm >&5
configure:2268: $? = 0
configure:2316: result: yes
configure:2319: checking for C compiler default output file name
configure:2321: result: a.out
configure:2327: checking for suffix of executables
configure:2334: gcc -o conftest    conftest.c -lm >&5
configure:2338: $? = 0
configure:2360: result: 
configure:2382: checking whether we are cross compiling
configure:2390: gcc -o conftest    conftest.c -lm >&5
configure:2394: $? = 0
configure:2401: ./conftest
configure:2405: $? = 0
configure:2420: result: no
configure:2425: checking for suffix of object files
configure:2447: gcc -c   conftest.c >&5
configure:2451: $? = 0
configure:2472: result: o
configure:2476: checking whether we are using the GNU C compiler
configure:2495: gcc -c   conftest.c >&5
configure:2495: $? = 0
configure:2504: result: yes
configure:2513: checking whether gcc accepts -g
configure:2533: gcc -c -g  conftest.c >&5
configure:2533: $? = 0
configure:2574: result: yes
configure:2591: checking for gcc option to accept ISO C89
configure:2655: gcc  -c -g -O2  conftest.c >&5
configure:2655: $? = 0
configure:2668: result: none needed
configure:2741: checking for g77
configure:2757: found /usr/bin/g77
configure:2768: result: g77
configure:2794: checking for Fortran 77 compiler version
configure:2803: g77 --version >&5
GNU Fortran (GCC) 3.4.6 20060404 (Red Hat 3.4.6-19.el6)
Copyright (C) 2006 Free Software Foundation, Inc.

GNU Fortran comes with NO WARRANTY, to the extent permitted by law.
You may redistribute copies of GNU Fortran
under the terms of the GNU General Public License.
For more information about these matters, see the file named COPYING
or type the command `info -f g77 Copying'.
configure:2814: $? = 0
configure:2803: g77 -v >&5
Reading specs from /usr/lib/gcc/x86_64-redhat-linux/3.4.6/specs
Configured with: ../configure --prefix=/usr --mandir=/usr/share/man --infodir=/usr/share/info --enable-shared --enable-threads=posix --disable-checking --with-system-zlib --enable-__cxa_atexit --disable-libunwind-exceptions --enable-languages=c,c++,f77 --disable-libgcj --host=x86_64-redhat-linux
Thread model: posix
gcc version 3.4.6 20060404 (Red Hat 3.4.6-19.el6)
configure:2814: $? = 0
configure:2803: g77 -V >&5
g77: `-V' option must have argument
configure:2814: $? = 1
configure:2803: g77 -qversion >&5
g77: unrecognized option `-qversion'
g77: no input files
configure:2814: $? = 1
configure:2823: checking whether we are using the GNU Fortran 77 compiler
configure:2836: g77 -c  conftest.F >&5
configure:2836: $? = 0
configure:2845: result: yes
configure:2851: checking whether g77 accepts -g
configure:2862: g77 -c -g conftest.f >&5
configure:2862: $? = 0
configure:2870: result: yes
configure:2942: checking for ranlib
configure:2958: found /cvmfs/cms.cern.ch/slc6_amd64_gcc493/external/gcc/4.9.3/bin/ranlib
configure:2969: result: ranlib
configure:3034: checking for a BSD-compatible install
configure:3102: result: /usr/bin/install -c
configure:3129: checking for an ANSI C-conforming const
configure:3194: gcc -c -O3 -fomit-frame-pointer -ffast-math -Wall  conftest.c >&5
conftest.c: In function 'main':
conftest.c:38:7: warning: 't' is used uninitialized in this function [-Wuninitialized]
     *t++ = 0;
       ^
conftest.c:60:13: warning: 'cs[0]' is used uninitialized in this function [-Wuninitialized]
   return !cs[0] && !zero.x;
             ^
configure:3194: $? = 0
configure:3201: result: yes
configure:3209: checking for inline
configure:3225: gcc -c -O3 -fomit-frame-pointer -ffast-math -Wall  conftest.c >&5
configure:3225: $? = 0
configure:3233: result: inline
configure:3253: checking for long double with more range or precision than double
configure:3288: gcc -c -O3 -fomit-frame-pointer -ffast-math -Wall  conftest.c >&5
conftest.c: In function 'main':
conftest.c:25:12: warning: variable 'test_array' set but not used [-Wunused-but-set-variable]
 static int test_array [1 - 2 * !((0 < ((DBL_MAX_EXP < LDBL_MAX_EXP)
            ^
configure:3288: $? = 0
configure:3295: result: yes
configure:3313: checking for powl
configure:3313: gcc -o conftest -O3 -fomit-frame-pointer -ffast-math -Wall   conftest.c -lm >&5
conftest.c:34:6: warning: conflicting types for built-in function 'powl'
 char powl ();
      ^
configure:3313: $? = 0
configure:3313: result: yes
configure:3324: checking for erf
configure:3324: gcc -o conftest -O3 -fomit-frame-pointer -ffast-math -Wall   conftest.c -lm >&5
conftest.c:35:6: warning: conflicting types for built-in function 'erf'
 char erf ();
      ^
configure:3324: $? = 0
configure:3324: result: yes
configure:3335: checking for fork
configure:3335: gcc -o conftest -O3 -fomit-frame-pointer -ffast-math -Wall   conftest.c -lm >&5
conftest.c:36:6: warning: conflicting types for built-in function 'fork'
 char fork ();
      ^
configure:3335: $? = 0
configure:3335: result: yes
configure:3346: checking for shmget
configure:3346: gcc -o conftest -O3 -fomit-frame-pointer -ffast-math -Wall   conftest.c -lm >&5
configure:3346: $? = 0
configure:3346: result: yes
configure:3357: checking for getloadavg
configure:3357: gcc -o conftest -O3 -fomit-frame-pointer -ffast-math -Wall   conftest.c -lm >&5
configure:3357: $? = 0
configure:3357: result: yes
configure:3383: checking for variable-size arrays
configure:3389: gcc -c -O3 -fomit-frame-pointer -ffast-math -Wall  conftest.c >&5
configure:3389: $? = 0
configure:3390: result: yes
configure:3409: checking for MathLink
configure:3437: result: no
configure:3446: checking for qmake
configure:3462: found /cvmfs/cms.cern.ch/slc6_amd64_gcc493/cms/cmssw-patch/CMSSW_7_6_3_patch2/external/slc6_amd64_gcc493/bin/qmake
configure:3473: result: qmake
configure:3609: creating ./config.status

## ---------------------- ##
## Running config.status. ##
## ---------------------- ##

This file was extended by Cuba config.status 3.0, which was
generated by GNU Autoconf 2.68.  Invocation command line was

  CONFIG_FILES    = 
  CONFIG_HEADERS  = 
  CONFIG_LINKS    = 
  CONFIG_COMMANDS = 
  $ ./config.status 

on lxplus0107.cern.ch

config.status:816: creating makefile
config.status:816: creating config.h
config.status:991: config.h is unchanged

## ---------------- ##
## Cache variables. ##
## ---------------- ##

ac_cv_c_compiler_gnu=yes
ac_cv_c_const=yes
ac_cv_c_inline=inline
ac_cv_c_long_double=yes
ac_cv_env_CC_set=
ac_cv_env_CC_value=
ac_cv_env_CFLAGS_set=
ac_cv_env_CFLAGS_value=
ac_cv_env_CPPFLAGS_set=
ac_cv_env_CPPFLAGS_value=
ac_cv_env_F77_set=
ac_cv_env_F77_value=
ac_cv_env_FFLAGS_set=
ac_cv_env_FFLAGS_value=
ac_cv_env_LDFLAGS_set=
ac_cv_env_LDFLAGS_value=
ac_cv_env_LIBS_set=
ac_cv_env_LIBS_value=
ac_cv_env_MCFLAGS_set=
ac_cv_env_MCFLAGS_value=
ac_cv_env_build_alias_set=
ac_cv_env_build_alias_value=
ac_cv_env_host_alias_set=
ac_cv_env_host_alias_value=
ac_cv_env_target_alias_set=
ac_cv_env_target_alias_value=
ac_cv_f77_compiler_gnu=yes
ac_cv_func_erf=yes
ac_cv_func_fork=yes
ac_cv_func_getloadavg=yes
ac_cv_func_powl=yes
ac_cv_func_shmget=yes
ac_cv_objext=o
ac_cv_path_install='/usr/bin/install -c'
ac_cv_prog_HAVE_QMAKE=qmake
ac_cv_prog_ac_ct_CC=gcc
ac_cv_prog_ac_ct_F77=g77
ac_cv_prog_ac_ct_RANLIB=ranlib
ac_cv_prog_cc_c89=
ac_cv_prog_cc_g=yes
ac_cv_prog_f77_g=yes
ac_cv_type_long_double_wider=yes

## ----------------- ##
## Output variables. ##
## ----------------- ##

CC='gcc'
CFLAGS='-O3 -fomit-frame-pointer -ffast-math -Wall'
CPPFLAGS=''
DEFS='-DHAVE_CONFIG_H'
DEMO_FORTRAN_DEFAULT='demo-fortran'
ECHO_C=''
ECHO_N='-n'
ECHO_T=''
EXEEXT=''
F77='g77'
FFLAGS='-g -O2'
HAVE_QMAKE='qmake'
INSTALL_DATA='${INSTALL} -m 644'
INSTALL_PROGRAM='${INSTALL}'
INSTALL_SCRIPT='${INSTALL}'
LDFLAGS=''
LIBOBJS=''
LIBS='-lm'
LTLIBOBJS=''
MATH_DEFAULT=''
MCFLAGS=''
OBJEXT='o'
PACKAGE_BUGREPORT='hahn@feynarts.de'
PACKAGE_NAME='Cuba'
PACKAGE_STRING='Cuba 3.0'
PACKAGE_TARNAME='cuba'
PACKAGE_URL=''
PACKAGE_VERSION='3.0'
PATH_SEPARATOR=':'
RANLIB='ranlib'
SHELL='/bin/sh'
TOOLS_DEFAULT='tools'
ac_ct_CC='gcc'
ac_ct_F77='g77'
bindir='${exec_prefix}/bin'
build_alias=''
datadir='${datarootdir}'
datarootdir='${prefix}/share'
docdir='${datarootdir}/doc/${PACKAGE_TARNAME}'
dvidir='${docdir}'
exec_prefix='${prefix}'
host_alias=''
htmldir='${docdir}'
includedir='${prefix}/include'
infodir='${datarootdir}/info'
libdir='${exec_prefix}/lib'
libexecdir='${exec_prefix}/libexec'
localedir='${datarootdir}/locale'
localstatedir='${prefix}/var'
mandir='${datarootdir}/man'
oldincludedir='/usr/include'
pdfdir='${docdir}'
prefix='/usr/local'
program_transform_name='s,x,x,'
psdir='${docdir}'
sbindir='${exec_prefix}/sbin'
sharedstatedir='${prefix}/com'
sysconfdir='${prefix}/etc'
target_alias=''

## ----------- ##
## confdefs.h. ##
## ----------- ##

/* confdefs.h */
#define PACKAGE_NAME "Cuba"
#define PACKAGE_TARNAME "cuba"
#define PACKAGE_VERSION "3.0"
#define PACKAGE_STRING "Cuba 3.0"
#define PACKAGE_BUGREPORT "hahn@feynarts.de"
#define PACKAGE_URL ""
#define HAVE_LONG_DOUBLE_WIDER 1
#define HAVE_LONG_DOUBLE 1
#define HAVE_POWL 1
#define HAVE_ERF 1
#define HAVE_FORK 1
#define HAVE_SHMGET 1
#define HAVE_GETLOADAVG 1

configure: exit 0
